Using pre-set license
Built from '2022.3/staging' branch; Version is '2022.3.22f1 (887be4894c44) revision 8944612'; Using compiler version '192829333'; Build Type 'Release'
OS: 'Windows 11  (10.0.22631) 64bit Core' Language: 'en' Physical Memory: 8061 MB
BatchMode: 1, IsHumanControllingUs: 0, StartBugReporterOnCrash: 0, Is64bit: 1, IsPro: 1

COMMAND LINE ARGUMENTS:
C:\Program Files\Unity\Hub\Editor\2022.3.22f1\Editor\Unity.exe
-adb2
-batchMode
-noUpm
-name
AssetImportWorker2
-projectPath
C:/Users/Moham/OneDrive/Desktop/My project
-logFile
Logs/AssetImportWorker2.log
-srvPort
59613
Successfully changed project path to: C:/Users/Moham/OneDrive/Desktop/My project
C:/Users/Moham/OneDrive/Desktop/My project
[UnityMemory] Configuration Parameters - Can be set up in boot.config
    "memorysetup-bucket-allocator-granularity=16"
    "memorysetup-bucket-allocator-bucket-count=8"
    "memorysetup-bucket-allocator-block-size=33554432"
    "memorysetup-bucket-allocator-block-count=8"
    "memorysetup-main-allocator-block-size=16777216"
    "memorysetup-thread-allocator-block-size=16777216"
    "memorysetup-gfx-main-allocator-block-size=16777216"
    "memorysetup-gfx-thread-allocator-block-size=16777216"
    "memorysetup-cache-allocator-block-size=4194304"
    "memorysetup-typetree-allocator-block-size=2097152"
    "memorysetup-profiler-bucket-allocator-granularity=16"
    "memorysetup-profiler-bucket-allocator-bucket-count=8"
    "memorysetup-profiler-bucket-allocator-block-size=33554432"
    "memorysetup-profiler-bucket-allocator-block-count=8"
    "memorysetup-profiler-allocator-block-size=16777216"
    "memorysetup-profiler-editor-allocator-block-size=1048576"
    "memorysetup-temp-allocator-size-main=16777216"
    "memorysetup-job-temp-allocator-block-size=2097152"
    "memorysetup-job-temp-allocator-block-size-background=1048576"
    "memorysetup-job-temp-allocator-reduction-small-platforms=262144"
    "memorysetup-allocator-temp-initial-block-size-main=262144"
    "memorysetup-allocator-temp-initial-block-size-worker=262144"
    "memorysetup-temp-allocator-size-background-worker=32768"
    "memorysetup-temp-allocator-size-job-worker=262144"
    "memorysetup-temp-allocator-size-preload-manager=33554432"
    "memorysetup-temp-allocator-size-nav-mesh-worker=65536"
    "memorysetup-temp-allocator-size-audio-worker=65536"
    "memorysetup-temp-allocator-size-cloud-worker=32768"
    "memorysetup-temp-allocator-size-gi-baking-worker=262144"
    "memorysetup-temp-allocator-size-gfx=262144"
Player connection [16296] Host "[IP] 192.168.26.161 [Port] 0 [Flags] 2 [Guid] 800894791 [EditorId] 800894791 [Version] 1048832 [Id] WindowsEditor(7,PC) [Debug] 1 [PackageName] WindowsEditor [ProjectName] Editor" joined multi-casting on [225.0.0.222:54997]...

Player connection [16296] Host "[IP] 192.168.26.161 [Port] 0 [Flags] 2 [Guid] 800894791 [EditorId] 800894791 [Version] 1048832 [Id] WindowsEditor(7,PC) [Debug] 1 [PackageName] WindowsEditor [ProjectName] Editor" joined alternative multi-casting on [225.0.0.222:34997]...

[Physics::Module] Initialized MultithreadedJobDispatcher with 11 workers.
Refreshing native plugins compatible for Editor in 2284.79 ms, found 3 plugins.
Preloading 0 native plugins for Editor in 0.00 ms.
Initialize engine version: 2022.3.22f1 (887be4894c44)
[Subsystems] Discovering subsystems at path C:/Program Files/Unity/Hub/Editor/2022.3.22f1/Editor/Data/Resources/UnitySubsystems
[Subsystems] Discovering subsystems at path C:/Users/Moham/OneDrive/Desktop/My project/Assets
GfxDevice: creating device client; threaded=0; jobified=0
Direct3D:
    Version:  Direct3D 11.0 [level 11.1]
    Renderer: NVIDIA GeForce GTX 1650 Ti (ID=0x1f95)
    Vendor:   NVIDIA
    VRAM:     3962 MB
    Driver:   30.0.14.7219
Initialize mono
Mono path[0] = 'C:/Program Files/Unity/Hub/Editor/2022.3.22f1/Editor/Data/Managed'
Mono path[1] = 'C:/Program Files/Unity/Hub/Editor/2022.3.22f1/Editor/Data/MonoBleedingEdge/lib/mono/unityjit-win32'
Mono config path = 'C:/Program Files/Unity/Hub/Editor/2022.3.22f1/Editor/Data/MonoBleedingEdge/etc'
Using monoOptions --debugger-agent=transport=dt_socket,embedding=1,server=y,suspend=n,address=127.0.0.1:56352
Begin MonoManager ReloadAssembly
Registering precompiled unity dll's ...
Register platform support module: C:/Program Files/Unity/Hub/Editor/2022.3.22f1/Editor/Data/PlaybackEngines/WebGLSupport/UnityEditor.WebGL.Extensions.dll
Register platform support module: C:/Program Files/Unity/Hub/Editor/2022.3.22f1/Editor/Data/PlaybackEngines/WindowsStandaloneSupport/UnityEditor.WindowsStandalone.Extensions.dll
Registered in 0.238585 seconds.
- Loaded All Assemblies, in  6.487 seconds
Native extension for WindowsStandalone target not found
Native extension for WebGL target not found
Mono: successfully reloaded assembly
- Finished resetting the current domain, in  0.308 seconds
Domain Reload Profiling: 6795ms
	BeginReloadAssembly (4760ms)
		ExecutionOrderSort (0ms)
		DisableScriptedObjects (0ms)
		BackupInstance (0ms)
		ReleaseScriptingObjects (0ms)
		CreateAndSetChildDomain (1ms)
	RebuildCommonClasses (416ms)
	RebuildNativeTypeToScriptingClass (11ms)
	initialDomainReloadingComplete (295ms)
	LoadAllAssembliesAndSetupDomain (1005ms)
		LoadAssemblies (4759ms)
		RebuildTransferFunctionScriptingTraits (0ms)
		AnalyzeDomain (1002ms)
			TypeCache.Refresh (1001ms)
				TypeCache.ScanAssembly (764ms)
			ScanForSourceGeneratedMonoScriptInfo (1ms)
			ResolveRequiredComponents (1ms)
	FinalizeReload (309ms)
		ReleaseScriptCaches (0ms)
		RebuildScriptCaches (0ms)
		SetupLoadedEditorAssemblies (244ms)
			LogAssemblyErrors (0ms)
			InitializePlatformSupportModulesInManaged (9ms)
			SetLoadedEditorAssemblies (5ms)
			RefreshPlugins (0ms)
			BeforeProcessingInitializeOnLoad (2ms)
			ProcessInitializeOnLoadAttributes (156ms)
			ProcessInitializeOnLoadMethodAttributes (72ms)
			AfterProcessingInitializeOnLoad (0ms)
			EditorAssembliesLoaded (0ms)
		ExecutionOrderSort2 (0ms)
		AwakeInstancesAfterBackupRestoration (0ms)
========================================================================
Worker process is ready to serve import requests
Begin MonoManager ReloadAssembly
- Loaded All Assemblies, in  5.238 seconds
Refreshing native plugins compatible for Editor in 2.54 ms, found 3 plugins.
Native extension for WindowsStandalone target not found
Native extension for WebGL target not found
Package Manager log level set to [2]
[Package Manager] Server::EnsureServerProcessIsRunning -- launch failed, reason: Unity was launched with the -noUpm command-line argument
[Package Manager] UpmClient::Send -- Unable to send message (not connected to UPM process).
[Package Manager] Cannot connect to Unity Package Manager local server
Mono: successfully reloaded assembly
- Finished resetting the current domain, in  0.586 seconds
Domain Reload Profiling: 5822ms
	BeginReloadAssembly (142ms)
		ExecutionOrderSort (0ms)
		DisableScriptedObjects (6ms)
		BackupInstance (0ms)
		ReleaseScriptingObjects (0ms)
		CreateAndSetChildDomain (22ms)
	RebuildCommonClasses (35ms)
	RebuildNativeTypeToScriptingClass (11ms)
	initialDomainReloadingComplete (41ms)
	LoadAllAssembliesAndSetupDomain (5005ms)
		LoadAssemblies (4480ms)
		RebuildTransferFunctionScriptingTraits (0ms)
		AnalyzeDomain (606ms)
			TypeCache.Refresh (587ms)
				TypeCache.ScanAssembly (532ms)
			ScanForSourceGeneratedMonoScriptInfo (13ms)
			ResolveRequiredComponents (5ms)
	FinalizeReload (587ms)
		ReleaseScriptCaches (0ms)
		RebuildScriptCaches (0ms)
		SetupLoadedEditorAssemblies (440ms)
			LogAssemblyErrors (0ms)
			InitializePlatformSupportModulesInManaged (6ms)
			SetLoadedEditorAssemblies (4ms)
			RefreshPlugins (0ms)
			BeforeProcessingInitializeOnLoad (55ms)
			ProcessInitializeOnLoadAttributes (349ms)
			ProcessInitializeOnLoadMethodAttributes (20ms)
			AfterProcessingInitializeOnLoad (5ms)
			EditorAssembliesLoaded (0ms)
		ExecutionOrderSort2 (0ms)
		AwakeInstancesAfterBackupRestoration (8ms)
Launched and connected shader compiler UnityShaderCompiler.exe after 0.07 seconds
Refreshing native plugins compatible for Editor in 3.46 ms, found 3 plugins.
Preloading 0 native plugins for Editor in 0.00 ms.
Unloading 3093 Unused Serialized files (Serialized files now loaded: 0)
Unloading 32 unused Assets / (57.1 KB). Loaded Objects now: 3568.
Memory consumption went from 130.6 MB to 130.5 MB.
Total: 3.266700 ms (FindLiveObjects: 0.285500 ms CreateObjectMapping: 0.084500 ms MarkObjects: 2.768900 ms  DeleteObjects: 0.126000 ms)

AssetImportParameters requested are different than current active one (requested -> active):
  custom:container-demuxer-ogg: 62fdf1f143b41e24485cea50d1cbac27 -> 
  custom:video-decoder-ogg-theora: a1e56fd34408186e4bbccfd4996cb3dc -> 
  custom:framework-win-MediaFoundation: 216162199b28c13a410421893ffa2e32 -> 
  custom:CustomObjectIndexerAttribute: 9a22284fe3817be447336de3de66b15e -> 
  custom:container-demuxer-webm: 4f35f7cbe854078d1ac9338744f61a02 -> 
  custom:container-muxer-webm: aa71ff27fc2769a1b78a27578f13a17b -> 
  custom:video-decoder-webm-vp8: 9c59270c3fd7afecdb556c50c9e8de78 -> 
  custom:SearchIndexIgnoredProperties: e643bd26f0fe6173181afceb89e7c659 -> 
  custom:AudioImporter_EditorPlatform: d09bf68614088b80899f8185d706f6e7 -> 
  custom:video-encoder-webm-vp8: eb34c28f22e8b96e1ab97ce403110664 -> 
  custom:audio-decoder-ogg-vorbis: bf7c407c2cedff20999df2af8eb42d56 -> 
  custom:audio-encoder-webm-vorbis: bf7c407c2cedff20999df2af8eb42d56 -> 
========================================================================
Received Prepare
Begin MonoManager ReloadAssembly
- Loaded All Assemblies, in  0.478 seconds
Refreshing native plugins compatible for Editor in 2.72 ms, found 3 plugins.
Native extension for WindowsStandalone target not found
Native extension for WebGL target not found
[Package Manager] Server::EnsureServerProcessIsRunning -- launch failed, reason: Unity was launched with the -noUpm command-line argument
[Package Manager] UpmClient::Send -- Unable to send message (not connected to UPM process).
[Package Manager] Cannot connect to Unity Package Manager local server
Mono: successfully reloaded assembly
- Finished resetting the current domain, in  1.488 seconds
Domain Reload Profiling: 1965ms
	BeginReloadAssembly (162ms)
		ExecutionOrderSort (0ms)
		DisableScriptedObjects (5ms)
		BackupInstance (0ms)
		ReleaseScriptingObjects (0ms)
		CreateAndSetChildDomain (35ms)
	RebuildCommonClasses (40ms)
	RebuildNativeTypeToScriptingClass (13ms)
	initialDomainReloadingComplete (29ms)
	LoadAllAssembliesAndSetupDomain (233ms)
		LoadAssemblies (305ms)
		RebuildTransferFunctionScriptingTraits (0ms)
		AnalyzeDomain (12ms)
			TypeCache.Refresh (6ms)
				TypeCache.ScanAssembly (0ms)
			ScanForSourceGeneratedMonoScriptInfo (0ms)
			ResolveRequiredComponents (5ms)
	FinalizeReload (1488ms)
		ReleaseScriptCaches (0ms)
		RebuildScriptCaches (0ms)
		SetupLoadedEditorAssemblies (484ms)
			LogAssemblyErrors (0ms)
			InitializePlatformSupportModulesInManaged (7ms)
			SetLoadedEditorAssemblies (6ms)
			RefreshPlugins (0ms)
			BeforeProcessingInitializeOnLoad (66ms)
			ProcessInitializeOnLoadAttributes (377ms)
			ProcessInitializeOnLoadMethodAttributes (22ms)
			AfterProcessingInitializeOnLoad (5ms)
			EditorAssembliesLoaded (0ms)
		ExecutionOrderSort2 (0ms)
		AwakeInstancesAfterBackupRestoration (8ms)
Refreshing native plugins compatible for Editor in 3.72 ms, found 3 plugins.
Preloading 0 native plugins for Editor in 0.00 ms.
Unloading 3086 Unused Serialized files (Serialized files now loaded: 0)
Unloading 23 unused Assets / (31.0 KB). Loaded Objects now: 3571.
Memory consumption went from 131.5 MB to 131.5 MB.
Total: 3.324800 ms (FindLiveObjects: 0.391800 ms CreateObjectMapping: 0.125400 ms MarkObjects: 2.744400 ms  DeleteObjects: 0.061300 ms)

Prepare: number of updated asset objects reloaded= 0
AssetImportParameters requested are different than current active one (requested -> active):
  custom:container-demuxer-ogg: 62fdf1f143b41e24485cea50d1cbac27 -> 
  custom:video-decoder-ogg-theora: a1e56fd34408186e4bbccfd4996cb3dc -> 
  custom:framework-win-MediaFoundation: 216162199b28c13a410421893ffa2e32 -> 
  custom:CustomObjectIndexerAttribute: 9a22284fe3817be447336de3de66b15e -> 
  custom:container-demuxer-webm: 4f35f7cbe854078d1ac9338744f61a02 -> 
  custom:container-muxer-webm: aa71ff27fc2769a1b78a27578f13a17b -> 
  custom:video-decoder-webm-vp8: 9c59270c3fd7afecdb556c50c9e8de78 -> 
  custom:SearchIndexIgnoredProperties: e643bd26f0fe6173181afceb89e7c659 -> 
  custom:AudioImporter_EditorPlatform: d09bf68614088b80899f8185d706f6e7 -> 
  custom:video-encoder-webm-vp8: eb34c28f22e8b96e1ab97ce403110664 -> 
  custom:audio-decoder-ogg-vorbis: bf7c407c2cedff20999df2af8eb42d56 -> 
  custom:audio-encoder-webm-vorbis: bf7c407c2cedff20999df2af8eb42d56 -> 
========================================================================
Received Import Request.
  Time since last request: 878919.759721 seconds.
  path: Assets/egyptian-temple/textures/Columnas_albedo.jpg
  artifactKey: Guid(c296965e651c07a4eaa4a5d638b59f7d) Importer(815301076,1909f56bfc062723c751e8b465ee728b)
Start importing Assets/egyptian-temple/textures/Columnas_albedo.jpg using Guid(c296965e651c07a4eaa4a5d638b59f7d) Importer(815301076,1909f56bfc062723c751e8b465ee728b)  -> (artifact id: '0e2943eb6de88734770859c62688782c') in 0.078129 seconds
Number of updated asset objects reloaded before import = 0
Number of asset objects unloaded after import = 2
========================================================================
Received Import Request.
  Time since last request: 0.000023 seconds.
  path: Assets/egyptian-temple/textures/Columnas_normal.png
  artifactKey: Guid(e08f1bf3a4d254243b1d4f25b9437d8f) Importer(815301076,1909f56bfc062723c751e8b465ee728b)
Start importing Assets/egyptian-temple/textures/Columnas_normal.png using Guid(e08f1bf3a4d254243b1d4f25b9437d8f) Importer(815301076,1909f56bfc062723c751e8b465ee728b)  -> (artifact id: 'd3f5cb314d45e7fa8cfa1e84db06a0e9') in 0.024028 seconds
Number of updated asset objects reloaded before import = 0
Number of asset objects unloaded after import = 2
========================================================================
Received Import Request.
  Time since last request: 0.360556 seconds.
  path: Assets/egyptian-temple/textures/Columnas_roughness.jpg
  artifactKey: Guid(9d1723693969ccf42a36e37de1a1c255) Importer(815301076,1909f56bfc062723c751e8b465ee728b)
Start importing Assets/egyptian-temple/textures/Columnas_roughness.jpg using Guid(9d1723693969ccf42a36e37de1a1c255) Importer(815301076,1909f56bfc062723c751e8b465ee728b)  -> (artifact id: 'ae72e69bd7923ef3861a7b7272aaa4ca') in 0.019810 seconds
Number of updated asset objects reloaded before import = 0
Number of asset objects unloaded after import = 2
========================================================================
Received Import Request.
  Time since last request: 0.006006 seconds.
  path: Assets/egyptian-temple/textures/Detalles_Extra_AO.jpg
  artifactKey: Guid(a5e7df69a9334284199116ea4813b48f) Importer(815301076,1909f56bfc062723c751e8b465ee728b)
Start importing Assets/egyptian-temple/textures/Detalles_Extra_AO.jpg using Guid(a5e7df69a9334284199116ea4813b48f) Importer(815301076,1909f56bfc062723c751e8b465ee728b)  -> (artifact id: '26ff254b5a7a9c2ed33727f75f7b8bfe') in 0.019136 seconds
Number of updated asset objects reloaded before import = 0
Number of asset objects unloaded after import = 2
========================================================================
Received Import Request.
  Time since last request: 0.000023 seconds.
  path: Assets/egyptian-temple/textures/Detalles_Extra_normal.png
  artifactKey: Guid(1c9b8183ab1387043a05237d6579df93) Importer(815301076,1909f56bfc062723c751e8b465ee728b)
Start importing Assets/egyptian-temple/textures/Detalles_Extra_normal.png using Guid(1c9b8183ab1387043a05237d6579df93) Importer(815301076,1909f56bfc062723c751e8b465ee728b)  -> (artifact id: 'fc75e9e2e15c63cda480f9065bfc6a81') in 0.021489 seconds
Number of updated asset objects reloaded before import = 0
Number of asset objects unloaded after import = 2
========================================================================
Received Import Request.
  Time since last request: 0.011974 seconds.
  path: Assets/egyptian-temple/textures/Escultura_Faraon_albedo.jpg
  artifactKey: Guid(0582217c892df904281b7c4752d6e7f9) Importer(815301076,1909f56bfc062723c751e8b465ee728b)
Start importing Assets/egyptian-temple/textures/Escultura_Faraon_albedo.jpg using Guid(0582217c892df904281b7c4752d6e7f9) Importer(815301076,1909f56bfc062723c751e8b465ee728b)  -> (artifact id: 'c8e858d6c12f9666e30837f75e1015f8') in 0.021232 seconds
Number of updated asset objects reloaded before import = 0
Number of asset objects unloaded after import = 2
========================================================================
Received Import Request.
  Time since last request: 0.014198 seconds.
  path: Assets/egyptian-temple/textures/Escultura_Faraon_metallic.jpg
  artifactKey: Guid(600aa3c60267cca43b86f6f92de15457) Importer(815301076,1909f56bfc062723c751e8b465ee728b)
Start importing Assets/egyptian-temple/textures/Escultura_Faraon_metallic.jpg using Guid(600aa3c60267cca43b86f6f92de15457) Importer(815301076,1909f56bfc062723c751e8b465ee728b)  -> (artifact id: '414e4ea28f7d94b8487a4d4387600b0d') in 0.018716 seconds
Number of updated asset objects reloaded before import = 0
Number of asset objects unloaded after import = 2
========================================================================
Received Import Request.
  Time since last request: 0.242962 seconds.
  path: Assets/egyptian-temple/textures/Escultura_Faraon_roughness.jpg
  artifactKey: Guid(0cf7bdacb85f7054482f3c4575d83f89) Importer(815301076,1909f56bfc062723c751e8b465ee728b)
Start importing Assets/egyptian-temple/textures/Escultura_Faraon_roughness.jpg using Guid(0cf7bdacb85f7054482f3c4575d83f89) Importer(815301076,1909f56bfc062723c751e8b465ee728b)  -> (artifact id: 'e1da3cce998efb3df29e0d5c235be09f') in 0.020753 seconds
Number of updated asset objects reloaded before import = 0
Number of asset objects unloaded after import = 2
========================================================================
Received Import Request.
  Time since last request: 0.006393 seconds.
  path: Assets/egyptian-temple/textures/Jarrones_albedo.jpg
  artifactKey: Guid(ae389e08733b59d4dac11b86135ab676) Importer(815301076,1909f56bfc062723c751e8b465ee728b)
Start importing Assets/egyptian-temple/textures/Jarrones_albedo.jpg using Guid(ae389e08733b59d4dac11b86135ab676) Importer(815301076,1909f56bfc062723c751e8b465ee728b)  -> (artifact id: '19187295fdab67d3e44f8e73a2640aba') in 0.020722 seconds
Number of updated asset objects reloaded before import = 0
Number of asset objects unloaded after import = 2
========================================================================
Received Import Request.
  Time since last request: 0.022105 seconds.
  path: Assets/egyptian-temple/textures/Jarrones_metallic.jpg
  artifactKey: Guid(0acdcb7fc5bed7041984c6db1b97db88) Importer(815301076,1909f56bfc062723c751e8b465ee728b)
Start importing Assets/egyptian-temple/textures/Jarrones_metallic.jpg using Guid(0acdcb7fc5bed7041984c6db1b97db88) Importer(815301076,1909f56bfc062723c751e8b465ee728b)  -> (artifact id: 'fe443f9ff9056bec6cde37366adc79f2') in 0.017631 seconds
Number of updated asset objects reloaded before import = 0
Number of asset objects unloaded after import = 2
========================================================================
Received Import Request.
  Time since last request: 0.000029 seconds.
  path: Assets/egyptian-temple/textures/Jarrones_roughness.jpg
  artifactKey: Guid(f9d4444b62f2b604090a2c9664b40d35) Importer(815301076,1909f56bfc062723c751e8b465ee728b)
Start importing Assets/egyptian-temple/textures/Jarrones_roughness.jpg using Guid(f9d4444b62f2b604090a2c9664b40d35) Importer(815301076,1909f56bfc062723c751e8b465ee728b)  -> (artifact id: '0f4bac4a63a1d6c3ca6718e23c6fc203') in 0.019450 seconds
Number of updated asset objects reloaded before import = 0
Number of asset objects unloaded after import = 2
========================================================================
Received Import Request.
  Time since last request: 0.013936 seconds.
  path: Assets/egyptian-temple/textures/Sala_Hipostila_AO.jpg
  artifactKey: Guid(96ca9d382b56a9149b3e0e7ebcebb6d5) Importer(815301076,1909f56bfc062723c751e8b465ee728b)
Start importing Assets/egyptian-temple/textures/Sala_Hipostila_AO.jpg using Guid(96ca9d382b56a9149b3e0e7ebcebb6d5) Importer(815301076,1909f56bfc062723c751e8b465ee728b)  -> (artifact id: 'ceb6ed9da1b8d9c589344375a29d12bb') in 0.021723 seconds
Number of updated asset objects reloaded before import = 0
Number of asset objects unloaded after import = 2
========================================================================
Received Import Request.
  Time since last request: 6.180483 seconds.
  path: Assets/egyptian-temple/textures/Sala_Hipostila_normal.png
  artifactKey: Guid(53dd9033588275b4daed45e859e5d05e) Importer(815301076,1909f56bfc062723c751e8b465ee728b)
Start importing Assets/egyptian-temple/textures/Sala_Hipostila_normal.png using Guid(53dd9033588275b4daed45e859e5d05e) Importer(815301076,1909f56bfc062723c751e8b465ee728b)  -> (artifact id: 'be99be9d749191283e8586d1ad9b3117') in 0.023112 seconds
Number of updated asset objects reloaded before import = 0
Number of asset objects unloaded after import = 2
========================================================================
Received Import Request.
  Time since last request: 0.311590 seconds.
  path: Assets/egyptian-temple/textures/Sala_Muralla_albedo.jpg
  artifactKey: Guid(44400a1821b719343b2a355bb70d4d76) Importer(815301076,1909f56bfc062723c751e8b465ee728b)
Start importing Assets/egyptian-temple/textures/Sala_Muralla_albedo.jpg using Guid(44400a1821b719343b2a355bb70d4d76) Importer(815301076,1909f56bfc062723c751e8b465ee728b)  -> (artifact id: '7ba76a277329e4df477520a8934f9d13') in 0.018269 seconds
Number of updated asset objects reloaded before import = 0
Number of asset objects unloaded after import = 2
========================================================================
Received Import Request.
  Time since last request: 0.008591 seconds.
  path: Assets/egyptian-temple/textures/Sala_Muralla_metallic.jpg
  artifactKey: Guid(066bf1d6c3580104aa42b03fdbdee9d3) Importer(815301076,1909f56bfc062723c751e8b465ee728b)
Start importing Assets/egyptian-temple/textures/Sala_Muralla_metallic.jpg using Guid(066bf1d6c3580104aa42b03fdbdee9d3) Importer(815301076,1909f56bfc062723c751e8b465ee728b)  -> (artifact id: '8f57d788ceab3509ec433fd028b7dd69') in 0.010108 seconds
Number of updated asset objects reloaded before import = 0
Number of asset objects unloaded after import = 2
========================================================================
Received Import Request.
  Time since last request: 0.006699 seconds.
  path: Assets/egyptian-temple/textures/Sala_Muralla_roughness.jpg
  artifactKey: Guid(19b0f832f0a38b5499b61d017a7dab05) Importer(815301076,1909f56bfc062723c751e8b465ee728b)
Start importing Assets/egyptian-temple/textures/Sala_Muralla_roughness.jpg using Guid(19b0f832f0a38b5499b61d017a7dab05) Importer(815301076,1909f56bfc062723c751e8b465ee728b)  -> (artifact id: '5a271e797afa93adc5f46388d3555549') in 0.019584 seconds
Number of updated asset objects reloaded before import = 0
Number of asset objects unloaded after import = 2
========================================================================
Received Import Request.
  Time since last request: 0.019534 seconds.
  path: Assets/egyptian-temple/textures/Sala_Pilonos_AO.jpg
  artifactKey: Guid(d57e4dafe0d677e4d886f34abc897a18) Importer(815301076,1909f56bfc062723c751e8b465ee728b)
Start importing Assets/egyptian-temple/textures/Sala_Pilonos_AO.jpg using Guid(d57e4dafe0d677e4d886f34abc897a18) Importer(815301076,1909f56bfc062723c751e8b465ee728b)  -> (artifact id: 'f31e38fec4cafdb89689bcaf8450c00a') in 0.017042 seconds
Number of updated asset objects reloaded before import = 0
Number of asset objects unloaded after import = 2
========================================================================
Received Import Request.
  Time since last request: 0.000029 seconds.
  path: Assets/egyptian-temple/textures/Sala_Pilonos_normal.png
  artifactKey: Guid(07080f5db99901e499bafcea1b61dff7) Importer(815301076,1909f56bfc062723c751e8b465ee728b)
Start importing Assets/egyptian-temple/textures/Sala_Pilonos_normal.png using Guid(07080f5db99901e499bafcea1b61dff7) Importer(815301076,1909f56bfc062723c751e8b465ee728b)  -> (artifact id: 'c41b1469874dbc91df53ee744d1301a9') in 0.019424 seconds
Number of updated asset objects reloaded before import = 0
Number of asset objects unloaded after import = 2
========================================================================
Received Import Request.
  Time since last request: 0.000029 seconds.
  path: Assets/egyptian-temple/textures/Sala_Santuario_albedo.jpg
  artifactKey: Guid(d8f2b29fa87a70740a66b29437dcd620) Importer(815301076,1909f56bfc062723c751e8b465ee728b)
Start importing Assets/egyptian-temple/textures/Sala_Santuario_albedo.jpg using Guid(d8f2b29fa87a70740a66b29437dcd620) Importer(815301076,1909f56bfc062723c751e8b465ee728b)  -> (artifact id: '1f44da31c0d0367de4e3763f3b1524ec') in 0.022644 seconds
Number of updated asset objects reloaded before import = 0
Number of asset objects unloaded after import = 2
========================================================================
Received Import Request.
  Time since last request: 0.206042 seconds.
  path: Assets/egyptian-temple/textures/Sala_Santuario_metallic.jpg
  artifactKey: Guid(85b3c54fc6a4ce04a88de47db6a28e74) Importer(815301076,1909f56bfc062723c751e8b465ee728b)
Start importing Assets/egyptian-temple/textures/Sala_Santuario_metallic.jpg using Guid(85b3c54fc6a4ce04a88de47db6a28e74) Importer(815301076,1909f56bfc062723c751e8b465ee728b)  -> (artifact id: 'b9c7e023f46661eec91ec12ffef23a4e') in 0.019768 seconds
Number of updated asset objects reloaded before import = 0
Number of asset objects unloaded after import = 2
========================================================================
Received Import Request.
  Time since last request: 0.049442 seconds.
  path: Assets/egyptian-temple/textures/Sala_Santuario_roughness.jpg
  artifactKey: Guid(8cdf4b9199fa5f94284441ccc63104f3) Importer(815301076,1909f56bfc062723c751e8b465ee728b)
Start importing Assets/egyptian-temple/textures/Sala_Santuario_roughness.jpg using Guid(8cdf4b9199fa5f94284441ccc63104f3) Importer(815301076,1909f56bfc062723c751e8b465ee728b)  -> (artifact id: '5ec4771d0328fcfcb1ec38cffff5586e') in 0.017110 seconds
Number of updated asset objects reloaded before import = 0
Number of asset objects unloaded after import = 2
========================================================================
Received Import Request.
  Time since last request: 0.000036 seconds.
  path: Assets/egyptian-temple/textures/Suelo_AO.jpg
  artifactKey: Guid(295d53a983133ed46a13394fc67b53ad) Importer(815301076,1909f56bfc062723c751e8b465ee728b)
Start importing Assets/egyptian-temple/textures/Suelo_AO.jpg using Guid(295d53a983133ed46a13394fc67b53ad) Importer(815301076,1909f56bfc062723c751e8b465ee728b)  -> (artifact id: '2f4d0ca52f82b37def126160087af586') in 0.023254 seconds
Number of updated asset objects reloaded before import = 0
Number of asset objects unloaded after import = 2
========================================================================
Received Import Request.
  Time since last request: 0.014671 seconds.
  path: Assets/egyptian-temple/textures/Suelo_normal.png
  artifactKey: Guid(9ded6ea897f6910498d123c12025f96f) Importer(815301076,1909f56bfc062723c751e8b465ee728b)
Start importing Assets/egyptian-temple/textures/Suelo_normal.png using Guid(9ded6ea897f6910498d123c12025f96f) Importer(815301076,1909f56bfc062723c751e8b465ee728b)  -> (artifact id: 'dc480f65bebf89ccace140182e4cf48f') in 0.019922 seconds
Number of updated asset objects reloaded before import = 0
Number of asset objects unloaded after import = 2
========================================================================
Received Import Request.
  Time since last request: 282.406127 seconds.
  path: Assets/egyptian-temple/rocky_trail_02_diff_1k.jpg
  artifactKey: Guid(1474477a1c53c314fa35f3690a0845d8) Importer(815301076,1909f56bfc062723c751e8b465ee728b)
Start importing Assets/egyptian-temple/rocky_trail_02_diff_1k.jpg using Guid(1474477a1c53c314fa35f3690a0845d8) Importer(815301076,1909f56bfc062723c751e8b465ee728b)  -> (artifact id: '1006f88dc50308283bb3b773b0cf780a') in 0.017935 seconds
Number of updated asset objects reloaded before import = 0
Number of asset objects unloaded after import = 2
========================================================================
Received Import Request.
  Time since last request: 82.341808 seconds.
  path: Assets/egyptian-temple/NewLayer.terrainlayer
  artifactKey: Guid(ceef657b2dff0e24c8b66532c272c1e7) Importer(815301076,1909f56bfc062723c751e8b465ee728b)
Start importing Assets/egyptian-temple/NewLayer.terrainlayer using Guid(ceef657b2dff0e24c8b66532c272c1e7) Importer(815301076,1909f56bfc062723c751e8b465ee728b)  -> (artifact id: '6bae9422c5b898d2dd8791315ec44ff4') in 0.049736 seconds
Number of updated asset objects reloaded before import = 0
Number of asset objects unloaded after import = 2
